<?xml version="1.0" encoding="UTF-8"?>
<!-- Generated by org.testng.reporters.JUnitXMLReporter -->
<testsuite ignored="0" hostname="DESKTOP-83416ND" failures="5" tests="5" name="Surefire test" time="0.792" errors="0" timestamp="2026-02-16T18:32:59 IST">
  <testcase classname="io.cucumber.testng.AbstractTestNGCucumberTests" name="runScenario" time="0.192">
    <failure type="io.cucumber.testng.UndefinedStepException" message="The step &amp;apos;setup the entries in database&amp;apos; and 6 other step(s) are undefined.
You can implement these steps using the snippet(s) below:

@Given(&amp;quot;setup the entries in database&amp;quot;)
public void setup_the_entries_in_database() {
    // Write code here that turns the phrase above into concrete actions
    throw new io.cucumber.java.PendingException();
}
@When(&amp;quot;launch the browser from config vaiables&amp;quot;)
public void launch_the_browser_from_config_vaiables() {
    // Write code here that turns the phrase above into concrete actions
    throw new io.cucumber.java.PendingException();
}
@When(&amp;quot;hit the home page url of banking site&amp;quot;)
public void hit_the_home_page_url_of_banking_site() {
    // Write code here that turns the phrase above into concrete actions
    throw new io.cucumber.java.PendingException();
}
@Given(&amp;quot;user is on Netbanking landing page&amp;quot;)
public void user_is_on_netbanking_landing_page() {
    // Write code here that turns the phrase above into concrete actions
    throw new io.cucumber.java.PendingException();
}
@When(&amp;quot;User login into application with {string} and password {string}&amp;quot;)
public void user_login_into_application_with_and_password(String string, String string2) {
    // Write code here that turns the phrase above into concrete actions
    throw new io.cucumber.java.PendingException();
}
@Then(&amp;quot;Home Page is displayed&amp;quot;)
public void home_page_is_displayed() {
    // Write code here that turns the phrase above into concrete actions
    throw new io.cucumber.java.PendingException();
}
@Then(&amp;quot;Cards are displayed&amp;quot;)
public void cards_are_displayed() {
    // Write code here that turns the phrase above into concrete actions
    throw new io.cucumber.java.PendingException();
}
">
      <![CDATA[io.cucumber.testng.UndefinedStepException: The step 'setup the entries in database' and 6 other step(s) are undefined.
You can implement these steps using the snippet(s) below:

@Given("setup the entries in database")
public void setup_the_entries_in_database() {
    // Write code here that turns the phrase above into concrete actions
    throw new io.cucumber.java.PendingException();
}
@When("launch the browser from config vaiables")
public void launch_the_browser_from_config_vaiables() {
    // Write code here that turns the phrase above into concrete actions
    throw new io.cucumber.java.PendingException();
}
@When("hit the home page url of banking site")
public void hit_the_home_page_url_of_banking_site() {
    // Write code here that turns the phrase above into concrete actions
    throw new io.cucumber.java.PendingException();
}
@Given("user is on Netbanking landing page")
public void user_is_on_netbanking_landing_page() {
    // Write code here that turns the phrase above into concrete actions
    throw new io.cucumber.java.PendingException();
}
@When("User login into application with {string} and password {string}")
public void user_login_into_application_with_and_password(String string, String string2) {
    // Write code here that turns the phrase above into concrete actions
    throw new io.cucumber.java.PendingException();
}
@Then("Home Page is displayed")
public void home_page_is_displayed() {
    // Write code here that turns the phrase above into concrete actions
    throw new io.cucumber.java.PendingException();
}
@Then("Cards are displayed")
public void cards_are_displayed() {
    // Write code here that turns the phrase above into concrete actions
    throw new io.cucumber.java.PendingException();
}

at ✽.setup the entries in database(file:///C:/Users/USER/eclipse-cucumberrahul-workspace/Automation/src/test/java/features/firstProgram.feature:4)
]]>
    </failure>
  </testcase> <!-- runScenario -->
  <testcase classname="io.cucumber.testng.AbstractTestNGCucumberTests" name="runScenario" time="0.027">
    <failure type="io.cucumber.testng.UndefinedStepException" message="The step &amp;apos;setup the entries in database&amp;apos; and 6 other step(s) are undefined.
You can implement these steps using the snippet(s) below:

@Given(&amp;quot;setup the entries in database&amp;quot;)
public void setup_the_entries_in_database() {
    // Write code here that turns the phrase above into concrete actions
    throw new io.cucumber.java.PendingException();
}
@When(&amp;quot;launch the browser from config vaiables&amp;quot;)
public void launch_the_browser_from_config_vaiables() {
    // Write code here that turns the phrase above into concrete actions
    throw new io.cucumber.java.PendingException();
}
@When(&amp;quot;hit the home page url of banking site&amp;quot;)
public void hit_the_home_page_url_of_banking_site() {
    // Write code here that turns the phrase above into concrete actions
    throw new io.cucumber.java.PendingException();
}
@Given(&amp;quot;user is on Netbanking landing page&amp;quot;)
public void user_is_on_netbanking_landing_page() {
    // Write code here that turns the phrase above into concrete actions
    throw new io.cucumber.java.PendingException();
}
@When(&amp;quot;User login into application with {string} and password {int}&amp;quot;)
public void user_login_into_application_with_and_password(String string, Integer int1) {
    // Write code here that turns the phrase above into concrete actions
    throw new io.cucumber.java.PendingException();
}
@Then(&amp;quot;Home Page is displayed&amp;quot;)
public void home_page_is_displayed() {
    // Write code here that turns the phrase above into concrete actions
    throw new io.cucumber.java.PendingException();
}
@Then(&amp;quot;Cards are displayed&amp;quot;)
public void cards_are_displayed() {
    // Write code here that turns the phrase above into concrete actions
    throw new io.cucumber.java.PendingException();
}
">
      <![CDATA[io.cucumber.testng.UndefinedStepException: The step 'setup the entries in database' and 6 other step(s) are undefined.
You can implement these steps using the snippet(s) below:

@Given("setup the entries in database")
public void setup_the_entries_in_database() {
    // Write code here that turns the phrase above into concrete actions
    throw new io.cucumber.java.PendingException();
}
@When("launch the browser from config vaiables")
public void launch_the_browser_from_config_vaiables() {
    // Write code here that turns the phrase above into concrete actions
    throw new io.cucumber.java.PendingException();
}
@When("hit the home page url of banking site")
public void hit_the_home_page_url_of_banking_site() {
    // Write code here that turns the phrase above into concrete actions
    throw new io.cucumber.java.PendingException();
}
@Given("user is on Netbanking landing page")
public void user_is_on_netbanking_landing_page() {
    // Write code here that turns the phrase above into concrete actions
    throw new io.cucumber.java.PendingException();
}
@When("User login into application with {string} and password {int}")
public void user_login_into_application_with_and_password(String string, Integer int1) {
    // Write code here that turns the phrase above into concrete actions
    throw new io.cucumber.java.PendingException();
}
@Then("Home Page is displayed")
public void home_page_is_displayed() {
    // Write code here that turns the phrase above into concrete actions
    throw new io.cucumber.java.PendingException();
}
@Then("Cards are displayed")
public void cards_are_displayed() {
    // Write code here that turns the phrase above into concrete actions
    throw new io.cucumber.java.PendingException();
}

at ✽.setup the entries in database(file:///C:/Users/USER/eclipse-cucumberrahul-workspace/Automation/src/test/java/features/firstProgram.feature:4)
]]>
    </failure>
  </testcase> <!-- runScenario -->
  <testcase classname="io.cucumber.testng.AbstractTestNGCucumberTests" name="runScenario" time="0.025">
    <failure type="io.cucumber.testng.UndefinedStepException" message="The step &amp;apos;setup the entries in database&amp;apos; and 6 other step(s) are undefined.
You can implement these steps using the snippet(s) below:

@Given(&amp;quot;setup the entries in database&amp;quot;)
public void setup_the_entries_in_database() {
    // Write code here that turns the phrase above into concrete actions
    throw new io.cucumber.java.PendingException();
}
@When(&amp;quot;launch the browser from config vaiables&amp;quot;)
public void launch_the_browser_from_config_vaiables() {
    // Write code here that turns the phrase above into concrete actions
    throw new io.cucumber.java.PendingException();
}
@When(&amp;quot;hit the home page url of banking site&amp;quot;)
public void hit_the_home_page_url_of_banking_site() {
    // Write code here that turns the phrase above into concrete actions
    throw new io.cucumber.java.PendingException();
}
@Given(&amp;quot;user is on Netbanking landing page&amp;quot;)
public void user_is_on_netbanking_landing_page() {
    // Write code here that turns the phrase above into concrete actions
    throw new io.cucumber.java.PendingException();
}
@When(&amp;quot;User login into application with {string} and password {string}&amp;quot;)
public void user_login_into_application_with_and_password(String string, String string2) {
    // Write code here that turns the phrase above into concrete actions
    throw new io.cucumber.java.PendingException();
}
@Then(&amp;quot;Home Page is displayed&amp;quot;)
public void home_page_is_displayed() {
    // Write code here that turns the phrase above into concrete actions
    throw new io.cucumber.java.PendingException();
}
@Then(&amp;quot;Cards are displayed&amp;quot;)
public void cards_are_displayed() {
    // Write code here that turns the phrase above into concrete actions
    throw new io.cucumber.java.PendingException();
}
">
      <![CDATA[io.cucumber.testng.UndefinedStepException: The step 'setup the entries in database' and 6 other step(s) are undefined.
You can implement these steps using the snippet(s) below:

@Given("setup the entries in database")
public void setup_the_entries_in_database() {
    // Write code here that turns the phrase above into concrete actions
    throw new io.cucumber.java.PendingException();
}
@When("launch the browser from config vaiables")
public void launch_the_browser_from_config_vaiables() {
    // Write code here that turns the phrase above into concrete actions
    throw new io.cucumber.java.PendingException();
}
@When("hit the home page url of banking site")
public void hit_the_home_page_url_of_banking_site() {
    // Write code here that turns the phrase above into concrete actions
    throw new io.cucumber.java.PendingException();
}
@Given("user is on Netbanking landing page")
public void user_is_on_netbanking_landing_page() {
    // Write code here that turns the phrase above into concrete actions
    throw new io.cucumber.java.PendingException();
}
@When("User login into application with {string} and password {string}")
public void user_login_into_application_with_and_password(String string, String string2) {
    // Write code here that turns the phrase above into concrete actions
    throw new io.cucumber.java.PendingException();
}
@Then("Home Page is displayed")
public void home_page_is_displayed() {
    // Write code here that turns the phrase above into concrete actions
    throw new io.cucumber.java.PendingException();
}
@Then("Cards are displayed")
public void cards_are_displayed() {
    // Write code here that turns the phrase above into concrete actions
    throw new io.cucumber.java.PendingException();
}

at ✽.setup the entries in database(file:///C:/Users/USER/eclipse-cucumberrahul-workspace/Automation/src/test/java/features/firstProgram.feature:4)
]]>
    </failure>
  </testcase> <!-- runScenario -->
  <testcase classname="io.cucumber.testng.AbstractTestNGCucumberTests" name="runScenario" time="0.012">
    <failure type="io.cucumber.testng.UndefinedStepException" message="The step &amp;apos;setup the entries in database&amp;apos; and 6 other step(s) are undefined.
You can implement these steps using the snippet(s) below:

@Given(&amp;quot;setup the entries in database&amp;quot;)
public void setup_the_entries_in_database() {
    // Write code here that turns the phrase above into concrete actions
    throw new io.cucumber.java.PendingException();
}
@When(&amp;quot;launch the browser from config vaiables&amp;quot;)
public void launch_the_browser_from_config_vaiables() {
    // Write code here that turns the phrase above into concrete actions
    throw new io.cucumber.java.PendingException();
}
@When(&amp;quot;hit the home page url of banking site&amp;quot;)
public void hit_the_home_page_url_of_banking_site() {
    // Write code here that turns the phrase above into concrete actions
    throw new io.cucumber.java.PendingException();
}
@Given(&amp;quot;user is on Netbanking landing page&amp;quot;)
public void user_is_on_netbanking_landing_page() {
    // Write code here that turns the phrase above into concrete actions
    throw new io.cucumber.java.PendingException();
}
@When(&amp;quot;User login into application with {string} and password {string}&amp;quot;)
public void user_login_into_application_with_and_password(String string, String string2) {
    // Write code here that turns the phrase above into concrete actions
    throw new io.cucumber.java.PendingException();
}
@Then(&amp;quot;Home Page is displayed&amp;quot;)
public void home_page_is_displayed() {
    // Write code here that turns the phrase above into concrete actions
    throw new io.cucumber.java.PendingException();
}
@Then(&amp;quot;Cards are displayed&amp;quot;)
public void cards_are_displayed() {
    // Write code here that turns the phrase above into concrete actions
    throw new io.cucumber.java.PendingException();
}
">
      <![CDATA[io.cucumber.testng.UndefinedStepException: The step 'setup the entries in database' and 6 other step(s) are undefined.
You can implement these steps using the snippet(s) below:

@Given("setup the entries in database")
public void setup_the_entries_in_database() {
    // Write code here that turns the phrase above into concrete actions
    throw new io.cucumber.java.PendingException();
}
@When("launch the browser from config vaiables")
public void launch_the_browser_from_config_vaiables() {
    // Write code here that turns the phrase above into concrete actions
    throw new io.cucumber.java.PendingException();
}
@When("hit the home page url of banking site")
public void hit_the_home_page_url_of_banking_site() {
    // Write code here that turns the phrase above into concrete actions
    throw new io.cucumber.java.PendingException();
}
@Given("user is on Netbanking landing page")
public void user_is_on_netbanking_landing_page() {
    // Write code here that turns the phrase above into concrete actions
    throw new io.cucumber.java.PendingException();
}
@When("User login into application with {string} and password {string}")
public void user_login_into_application_with_and_password(String string, String string2) {
    // Write code here that turns the phrase above into concrete actions
    throw new io.cucumber.java.PendingException();
}
@Then("Home Page is displayed")
public void home_page_is_displayed() {
    // Write code here that turns the phrase above into concrete actions
    throw new io.cucumber.java.PendingException();
}
@Then("Cards are displayed")
public void cards_are_displayed() {
    // Write code here that turns the phrase above into concrete actions
    throw new io.cucumber.java.PendingException();
}

at ✽.setup the entries in database(file:///C:/Users/USER/eclipse-cucumberrahul-workspace/Automation/src/test/java/features/firstProgram.feature:4)
]]>
    </failure>
  </testcase> <!-- runScenario -->
  <testcase classname="io.cucumber.testng.AbstractTestNGCucumberTests" name="runScenario" time="0.014">
    <failure type="io.cucumber.testng.UndefinedStepException" message="The step &amp;apos;setup the entries in database&amp;apos; and 6 other step(s) are undefined.
You can implement these steps using the snippet(s) below:

@Given(&amp;quot;setup the entries in database&amp;quot;)
public void setup_the_entries_in_database() {
    // Write code here that turns the phrase above into concrete actions
    throw new io.cucumber.java.PendingException();
}
@When(&amp;quot;launch the browser from config vaiables&amp;quot;)
public void launch_the_browser_from_config_vaiables() {
    // Write code here that turns the phrase above into concrete actions
    throw new io.cucumber.java.PendingException();
}
@When(&amp;quot;hit the home page url of banking site&amp;quot;)
public void hit_the_home_page_url_of_banking_site() {
    // Write code here that turns the phrase above into concrete actions
    throw new io.cucumber.java.PendingException();
}
@Given(&amp;quot;user is on Practice landing page&amp;quot;)
public void user_is_on_practice_landing_page() {
    // Write code here that turns the phrase above into concrete actions
    throw new io.cucumber.java.PendingException();
}
@When(&amp;quot;User Signup into application&amp;quot;)
public void user_signup_into_application(io.cucumber.datatable.DataTable dataTable) {
    // Write code here that turns the phrase above into concrete actions
    // For automatic transformation, change DataTable to one of
    // E, List&amp;lt;E&amp;gt;, List&amp;lt;List&amp;lt;E&amp;gt;&amp;gt;, List&amp;lt;Map&amp;lt;K,V&amp;gt;&amp;gt;, Map&amp;lt;K,V&amp;gt; or
    // Map&amp;lt;K, List&amp;lt;V&amp;gt;&amp;gt;. E,K,V must be a String, Integer, Float,
    // Double, Byte, Short, Long, BigInteger or BigDecimal.
    //
    // For other transformations you can register a DataTableType.
    throw new io.cucumber.java.PendingException();
}
@Then(&amp;quot;Home Page is displayed&amp;quot;)
public void home_page_is_displayed() {
    // Write code here that turns the phrase above into concrete actions
    throw new io.cucumber.java.PendingException();
}
@Then(&amp;quot;Cards are displayed&amp;quot;)
public void cards_are_displayed() {
    // Write code here that turns the phrase above into concrete actions
    throw new io.cucumber.java.PendingException();
}
">
      <![CDATA[io.cucumber.testng.UndefinedStepException: The step 'setup the entries in database' and 6 other step(s) are undefined.
You can implement these steps using the snippet(s) below:

@Given("setup the entries in database")
public void setup_the_entries_in_database() {
    // Write code here that turns the phrase above into concrete actions
    throw new io.cucumber.java.PendingException();
}
@When("launch the browser from config vaiables")
public void launch_the_browser_from_config_vaiables() {
    // Write code here that turns the phrase above into concrete actions
    throw new io.cucumber.java.PendingException();
}
@When("hit the home page url of banking site")
public void hit_the_home_page_url_of_banking_site() {
    // Write code here that turns the phrase above into concrete actions
    throw new io.cucumber.java.PendingException();
}
@Given("user is on Practice landing page")
public void user_is_on_practice_landing_page() {
    // Write code here that turns the phrase above into concrete actions
    throw new io.cucumber.java.PendingException();
}
@When("User Signup into application")
public void user_signup_into_application(io.cucumber.datatable.DataTable dataTable) {
    // Write code here that turns the phrase above into concrete actions
    // For automatic transformation, change DataTable to one of
    // E, List<E>, List<List<E>>, List<Map<K,V>>, Map<K,V> or
    // Map<K, List<V>>. E,K,V must be a String, Integer, Float,
    // Double, Byte, Short, Long, BigInteger or BigDecimal.
    //
    // For other transformations you can register a DataTableType.
    throw new io.cucumber.java.PendingException();
}
@Then("Home Page is displayed")
public void home_page_is_displayed() {
    // Write code here that turns the phrase above into concrete actions
    throw new io.cucumber.java.PendingException();
}
@Then("Cards are displayed")
public void cards_are_displayed() {
    // Write code here that turns the phrase above into concrete actions
    throw new io.cucumber.java.PendingException();
}

at ✽.setup the entries in database(file:///C:/Users/USER/eclipse-cucumberrahul-workspace/Automation/src/test/java/features/firstProgram.feature:4)
]]>
    </failure>
  </testcase> <!-- runScenario -->
</testsuite> <!-- Surefire test -->
