<?xml version="1.0" encoding="UTF-8"?>
<!-- Generated by org.testng.reporters.JUnitXMLReporter -->
<testsuite ignored="0" hostname="DESKTOP-83416ND" failures="3" tests="3" name="Default test" time="20.842" errors="0" timestamp="2026-02-22T23:56:01 IST">
  <testcase classname="io.cucumber.testng.AbstractTestNGCucumberTests" name="runScenario" time="19.7">
    <failure type="java.lang.AssertionError" message="expected [true] but found [false]">
      <![CDATA[java.lang.AssertionError: expected [true] but found [false]
at org.testng.Assert.fail(Assert.java:111)
at org.testng.Assert.failNotEquals(Assert.java:1590)
at org.testng.Assert.assertTrue(Assert.java:57)
at org.testng.Assert.assertTrue(Assert.java:67)
at stepDefinition.LandingPageStepDefinition.user_is_on_green_cart_landing_page(LandingPageStepDefinition.java:38)
at ✽.User is on GreenCart landing page(file:///C:/Users/USER/eclipse-cucumberrahul-workspace/CucumberFramework/src/test/java/features/searchProduct.feature:6)
]]>
    </failure>
  </testcase> <!-- runScenario -->
  <testcase classname="io.cucumber.testng.AbstractTestNGCucumberTests" name="runScenario" time="19.705">
    <failure type="java.lang.AssertionError" message="expected [true] but found [false]">
      <![CDATA[java.lang.AssertionError: expected [true] but found [false]
at org.testng.Assert.fail(Assert.java:111)
at org.testng.Assert.failNotEquals(Assert.java:1590)
at org.testng.Assert.assertTrue(Assert.java:57)
at org.testng.Assert.assertTrue(Assert.java:67)
at stepDefinition.LandingPageStepDefinition.user_is_on_green_cart_landing_page(LandingPageStepDefinition.java:38)
at ✽.User is on GreenCart landing page(file:///C:/Users/USER/eclipse-cucumberrahul-workspace/CucumberFramework/src/test/java/features/Checkout.feature:6)
]]>
    </failure>
  </testcase> <!-- runScenario -->
  <testcase classname="io.cucumber.testng.AbstractTestNGCucumberTests" name="runScenario" time="19.737">
    <failure type="java.lang.AssertionError" message="expected [true] but found [false]">
      <![CDATA[java.lang.AssertionError: expected [true] but found [false]
at org.testng.Assert.fail(Assert.java:111)
at org.testng.Assert.failNotEquals(Assert.java:1590)
at org.testng.Assert.assertTrue(Assert.java:57)
at org.testng.Assert.assertTrue(Assert.java:67)
at stepDefinition.LandingPageStepDefinition.user_is_on_green_cart_landing_page(LandingPageStepDefinition.java:38)
at ✽.User is on GreenCart landing page(file:///C:/Users/USER/eclipse-cucumberrahul-workspace/CucumberFramework/src/test/java/features/searchProduct.feature:6)
]]>
    </failure>
  </testcase> <!-- runScenario -->
</testsuite> <!-- Default test -->
