<?xml version="1.0" encoding="UTF-8"?>
<testng-results ignored="0" total="5" passed="0" failed="5" skipped="0">
  <reporter-output>
  </reporter-output>
  <suite started-at="2026-02-16T18:32:58 IST" name="Surefire suite" finished-at="2026-02-16T18:32:59 IST" duration-ms="792">
    <groups>
      <group name="cucumber">
        <method signature="AbstractTestNGCucumberTests.runScenario(io.cucumber.testng.PickleWrapper,io.cucumber.testng.FeatureWrapper)[pri:0, instance:cucumberOptions.TestNGTestRunner@4b44655e]" name="runScenario" class="io.cucumber.testng.AbstractTestNGCucumberTests"/>
      </group> <!-- cucumber -->
    </groups>
    <test started-at="2026-02-16T18:32:58 IST" name="Surefire test" finished-at="2026-02-16T18:32:59 IST" duration-ms="792">
      <class name="cucumberOptions.TestNGTestRunner">
        <test-method is-config="true" signature="setUpClass(org.testng.ITestContext)[pri:0, instance:cucumberOptions.TestNGTestRunner@4b44655e]" started-at="2026-02-16T18:32:58 IST" name="setUpClass" finished-at="2026-02-16T18:32:59 IST" duration-ms="413" status="PASS">
          <params>
            <param index="0">
              <value>
                <![CDATA[org.testng.TestRunner@768fc0f2]]>
              </value>
            </param>
          </params>
          <reporter-output>
          </reporter-output>
        </test-method> <!-- setUpClass -->
        <test-method signature="runScenario(io.cucumber.testng.PickleWrapper,io.cucumber.testng.FeatureWrapper)[pri:0, instance:cucumberOptions.TestNGTestRunner@4b44655e]" started-at="2026-02-16T18:32:59 IST" name="runScenario" description="Runs Cucumber Scenarios" data-provider="scenarios" finished-at="2026-02-16T18:32:59 IST" duration-ms="192" status="FAIL">
          <params>
            <param index="0">
              <value>
                <![CDATA["Admin Page default login"]]>
              </value>
            </param>
            <param index="1">
              <value>
                <![CDATA["Application Login"]]>
              </value>
            </param>
          </params>
          <exception class="io.cucumber.testng.UndefinedStepException">
            <message>
              <![CDATA[The step 'setup the entries in database' and 6 other step(s) are undefined.
You can implement these steps using the snippet(s) below:

@Given("setup the entries in database")
public void setup_the_entries_in_database() {
    // Write code here that turns the phrase above into concrete actions
    throw new io.cucumber.java.PendingException();
}
@When("launch the browser from config vaiables")
public void launch_the_browser_from_config_vaiables() {
    // Write code here that turns the phrase above into concrete actions
    throw new io.cucumber.java.PendingException();
}
@When("hit the home page url of banking site")
public void hit_the_home_page_url_of_banking_site() {
    // Write code here that turns the phrase above into concrete actions
    throw new io.cucumber.java.PendingException();
}
@Given("user is on Netbanking landing page")
public void user_is_on_netbanking_landing_page() {
    // Write code here that turns the phrase above into concrete actions
    throw new io.cucumber.java.PendingException();
}
@When("User login into application with {string} and password {string}")
public void user_login_into_application_with_and_password(String string, String string2) {
    // Write code here that turns the phrase above into concrete actions
    throw new io.cucumber.java.PendingException();
}
@Then("Home Page is displayed")
public void home_page_is_displayed() {
    // Write code here that turns the phrase above into concrete actions
    throw new io.cucumber.java.PendingException();
}
@Then("Cards are displayed")
public void cards_are_displayed() {
    // Write code here that turns the phrase above into concrete actions
    throw new io.cucumber.java.PendingException();
}
]]>
            </message>
            <full-stacktrace>
              <![CDATA[io.cucumber.testng.UndefinedStepException: The step 'setup the entries in database' and 6 other step(s) are undefined.
You can implement these steps using the snippet(s) below:

@Given("setup the entries in database")
public void setup_the_entries_in_database() {
    // Write code here that turns the phrase above into concrete actions
    throw new io.cucumber.java.PendingException();
}
@When("launch the browser from config vaiables")
public void launch_the_browser_from_config_vaiables() {
    // Write code here that turns the phrase above into concrete actions
    throw new io.cucumber.java.PendingException();
}
@When("hit the home page url of banking site")
public void hit_the_home_page_url_of_banking_site() {
    // Write code here that turns the phrase above into concrete actions
    throw new io.cucumber.java.PendingException();
}
@Given("user is on Netbanking landing page")
public void user_is_on_netbanking_landing_page() {
    // Write code here that turns the phrase above into concrete actions
    throw new io.cucumber.java.PendingException();
}
@When("User login into application with {string} and password {string}")
public void user_login_into_application_with_and_password(String string, String string2) {
    // Write code here that turns the phrase above into concrete actions
    throw new io.cucumber.java.PendingException();
}
@Then("Home Page is displayed")
public void home_page_is_displayed() {
    // Write code here that turns the phrase above into concrete actions
    throw new io.cucumber.java.PendingException();
}
@Then("Cards are displayed")
public void cards_are_displayed() {
    // Write code here that turns the phrase above into concrete actions
    throw new io.cucumber.java.PendingException();
}

at ✽.setup the entries in database(file:///C:/Users/USER/eclipse-cucumberrahul-workspace/Automation/src/test/java/features/firstProgram.feature:4)
]]>
            </full-stacktrace>
          </exception> <!-- io.cucumber.testng.UndefinedStepException -->
          <reporter-output>
          </reporter-output>
        </test-method> <!-- runScenario -->
        <test-method signature="runScenario(io.cucumber.testng.PickleWrapper,io.cucumber.testng.FeatureWrapper)[pri:0, instance:cucumberOptions.TestNGTestRunner@4b44655e]" started-at="2026-02-16T18:32:59 IST" name="runScenario" description="Runs Cucumber Scenarios" data-provider="scenarios" finished-at="2026-02-16T18:32:59 IST" duration-ms="27" status="FAIL">
          <params>
            <param index="0">
              <value>
                <![CDATA["User Page default login"]]>
              </value>
            </param>
            <param index="1">
              <value>
                <![CDATA["Application Login"]]>
              </value>
            </param>
          </params>
          <exception class="io.cucumber.testng.UndefinedStepException">
            <message>
              <![CDATA[The step 'setup the entries in database' and 6 other step(s) are undefined.
You can implement these steps using the snippet(s) below:

@Given("setup the entries in database")
public void setup_the_entries_in_database() {
    // Write code here that turns the phrase above into concrete actions
    throw new io.cucumber.java.PendingException();
}
@When("launch the browser from config vaiables")
public void launch_the_browser_from_config_vaiables() {
    // Write code here that turns the phrase above into concrete actions
    throw new io.cucumber.java.PendingException();
}
@When("hit the home page url of banking site")
public void hit_the_home_page_url_of_banking_site() {
    // Write code here that turns the phrase above into concrete actions
    throw new io.cucumber.java.PendingException();
}
@Given("user is on Netbanking landing page")
public void user_is_on_netbanking_landing_page() {
    // Write code here that turns the phrase above into concrete actions
    throw new io.cucumber.java.PendingException();
}
@When("User login into application with {string} and password {int}")
public void user_login_into_application_with_and_password(String string, Integer int1) {
    // Write code here that turns the phrase above into concrete actions
    throw new io.cucumber.java.PendingException();
}
@Then("Home Page is displayed")
public void home_page_is_displayed() {
    // Write code here that turns the phrase above into concrete actions
    throw new io.cucumber.java.PendingException();
}
@Then("Cards are displayed")
public void cards_are_displayed() {
    // Write code here that turns the phrase above into concrete actions
    throw new io.cucumber.java.PendingException();
}
]]>
            </message>
            <full-stacktrace>
              <![CDATA[io.cucumber.testng.UndefinedStepException: The step 'setup the entries in database' and 6 other step(s) are undefined.
You can implement these steps using the snippet(s) below:

@Given("setup the entries in database")
public void setup_the_entries_in_database() {
    // Write code here that turns the phrase above into concrete actions
    throw new io.cucumber.java.PendingException();
}
@When("launch the browser from config vaiables")
public void launch_the_browser_from_config_vaiables() {
    // Write code here that turns the phrase above into concrete actions
    throw new io.cucumber.java.PendingException();
}
@When("hit the home page url of banking site")
public void hit_the_home_page_url_of_banking_site() {
    // Write code here that turns the phrase above into concrete actions
    throw new io.cucumber.java.PendingException();
}
@Given("user is on Netbanking landing page")
public void user_is_on_netbanking_landing_page() {
    // Write code here that turns the phrase above into concrete actions
    throw new io.cucumber.java.PendingException();
}
@When("User login into application with {string} and password {int}")
public void user_login_into_application_with_and_password(String string, Integer int1) {
    // Write code here that turns the phrase above into concrete actions
    throw new io.cucumber.java.PendingException();
}
@Then("Home Page is displayed")
public void home_page_is_displayed() {
    // Write code here that turns the phrase above into concrete actions
    throw new io.cucumber.java.PendingException();
}
@Then("Cards are displayed")
public void cards_are_displayed() {
    // Write code here that turns the phrase above into concrete actions
    throw new io.cucumber.java.PendingException();
}

at ✽.setup the entries in database(file:///C:/Users/USER/eclipse-cucumberrahul-workspace/Automation/src/test/java/features/firstProgram.feature:4)
]]>
            </full-stacktrace>
          </exception> <!-- io.cucumber.testng.UndefinedStepException -->
          <reporter-output>
          </reporter-output>
        </test-method> <!-- runScenario -->
        <test-method signature="runScenario(io.cucumber.testng.PickleWrapper,io.cucumber.testng.FeatureWrapper)[pri:0, instance:cucumberOptions.TestNGTestRunner@4b44655e]" started-at="2026-02-16T18:32:59 IST" name="runScenario" description="Runs Cucumber Scenarios" data-provider="scenarios" finished-at="2026-02-16T18:32:59 IST" duration-ms="25" status="FAIL">
          <params>
            <param index="0">
              <value>
                <![CDATA["Mortgage User Page default login"]]>
              </value>
            </param>
            <param index="1">
              <value>
                <![CDATA["Application Login"]]>
              </value>
            </param>
          </params>
          <exception class="io.cucumber.testng.UndefinedStepException">
            <message>
              <![CDATA[The step 'setup the entries in database' and 6 other step(s) are undefined.
You can implement these steps using the snippet(s) below:

@Given("setup the entries in database")
public void setup_the_entries_in_database() {
    // Write code here that turns the phrase above into concrete actions
    throw new io.cucumber.java.PendingException();
}
@When("launch the browser from config vaiables")
public void launch_the_browser_from_config_vaiables() {
    // Write code here that turns the phrase above into concrete actions
    throw new io.cucumber.java.PendingException();
}
@When("hit the home page url of banking site")
public void hit_the_home_page_url_of_banking_site() {
    // Write code here that turns the phrase above into concrete actions
    throw new io.cucumber.java.PendingException();
}
@Given("user is on Netbanking landing page")
public void user_is_on_netbanking_landing_page() {
    // Write code here that turns the phrase above into concrete actions
    throw new io.cucumber.java.PendingException();
}
@When("User login into application with {string} and password {string}")
public void user_login_into_application_with_and_password(String string, String string2) {
    // Write code here that turns the phrase above into concrete actions
    throw new io.cucumber.java.PendingException();
}
@Then("Home Page is displayed")
public void home_page_is_displayed() {
    // Write code here that turns the phrase above into concrete actions
    throw new io.cucumber.java.PendingException();
}
@Then("Cards are displayed")
public void cards_are_displayed() {
    // Write code here that turns the phrase above into concrete actions
    throw new io.cucumber.java.PendingException();
}
]]>
            </message>
            <full-stacktrace>
              <![CDATA[io.cucumber.testng.UndefinedStepException: The step 'setup the entries in database' and 6 other step(s) are undefined.
You can implement these steps using the snippet(s) below:

@Given("setup the entries in database")
public void setup_the_entries_in_database() {
    // Write code here that turns the phrase above into concrete actions
    throw new io.cucumber.java.PendingException();
}
@When("launch the browser from config vaiables")
public void launch_the_browser_from_config_vaiables() {
    // Write code here that turns the phrase above into concrete actions
    throw new io.cucumber.java.PendingException();
}
@When("hit the home page url of banking site")
public void hit_the_home_page_url_of_banking_site() {
    // Write code here that turns the phrase above into concrete actions
    throw new io.cucumber.java.PendingException();
}
@Given("user is on Netbanking landing page")
public void user_is_on_netbanking_landing_page() {
    // Write code here that turns the phrase above into concrete actions
    throw new io.cucumber.java.PendingException();
}
@When("User login into application with {string} and password {string}")
public void user_login_into_application_with_and_password(String string, String string2) {
    // Write code here that turns the phrase above into concrete actions
    throw new io.cucumber.java.PendingException();
}
@Then("Home Page is displayed")
public void home_page_is_displayed() {
    // Write code here that turns the phrase above into concrete actions
    throw new io.cucumber.java.PendingException();
}
@Then("Cards are displayed")
public void cards_are_displayed() {
    // Write code here that turns the phrase above into concrete actions
    throw new io.cucumber.java.PendingException();
}

at ✽.setup the entries in database(file:///C:/Users/USER/eclipse-cucumberrahul-workspace/Automation/src/test/java/features/firstProgram.feature:4)
]]>
            </full-stacktrace>
          </exception> <!-- io.cucumber.testng.UndefinedStepException -->
          <reporter-output>
          </reporter-output>
        </test-method> <!-- runScenario -->
        <test-method signature="runScenario(io.cucumber.testng.PickleWrapper,io.cucumber.testng.FeatureWrapper)[pri:0, instance:cucumberOptions.TestNGTestRunner@4b44655e]" started-at="2026-02-16T18:32:59 IST" name="runScenario" description="Runs Cucumber Scenarios" data-provider="scenarios" finished-at="2026-02-16T18:32:59 IST" duration-ms="12" status="FAIL">
          <params>
            <param index="0">
              <value>
                <![CDATA["Mortgage User Page default login"]]>
              </value>
            </param>
            <param index="1">
              <value>
                <![CDATA["Application Login"]]>
              </value>
            </param>
          </params>
          <exception class="io.cucumber.testng.UndefinedStepException">
            <message>
              <![CDATA[The step 'setup the entries in database' and 6 other step(s) are undefined.
You can implement these steps using the snippet(s) below:

@Given("setup the entries in database")
public void setup_the_entries_in_database() {
    // Write code here that turns the phrase above into concrete actions
    throw new io.cucumber.java.PendingException();
}
@When("launch the browser from config vaiables")
public void launch_the_browser_from_config_vaiables() {
    // Write code here that turns the phrase above into concrete actions
    throw new io.cucumber.java.PendingException();
}
@When("hit the home page url of banking site")
public void hit_the_home_page_url_of_banking_site() {
    // Write code here that turns the phrase above into concrete actions
    throw new io.cucumber.java.PendingException();
}
@Given("user is on Netbanking landing page")
public void user_is_on_netbanking_landing_page() {
    // Write code here that turns the phrase above into concrete actions
    throw new io.cucumber.java.PendingException();
}
@When("User login into application with {string} and password {string}")
public void user_login_into_application_with_and_password(String string, String string2) {
    // Write code here that turns the phrase above into concrete actions
    throw new io.cucumber.java.PendingException();
}
@Then("Home Page is displayed")
public void home_page_is_displayed() {
    // Write code here that turns the phrase above into concrete actions
    throw new io.cucumber.java.PendingException();
}
@Then("Cards are displayed")
public void cards_are_displayed() {
    // Write code here that turns the phrase above into concrete actions
    throw new io.cucumber.java.PendingException();
}
]]>
            </message>
            <full-stacktrace>
              <![CDATA[io.cucumber.testng.UndefinedStepException: The step 'setup the entries in database' and 6 other step(s) are undefined.
You can implement these steps using the snippet(s) below:

@Given("setup the entries in database")
public void setup_the_entries_in_database() {
    // Write code here that turns the phrase above into concrete actions
    throw new io.cucumber.java.PendingException();
}
@When("launch the browser from config vaiables")
public void launch_the_browser_from_config_vaiables() {
    // Write code here that turns the phrase above into concrete actions
    throw new io.cucumber.java.PendingException();
}
@When("hit the home page url of banking site")
public void hit_the_home_page_url_of_banking_site() {
    // Write code here that turns the phrase above into concrete actions
    throw new io.cucumber.java.PendingException();
}
@Given("user is on Netbanking landing page")
public void user_is_on_netbanking_landing_page() {
    // Write code here that turns the phrase above into concrete actions
    throw new io.cucumber.java.PendingException();
}
@When("User login into application with {string} and password {string}")
public void user_login_into_application_with_and_password(String string, String string2) {
    // Write code here that turns the phrase above into concrete actions
    throw new io.cucumber.java.PendingException();
}
@Then("Home Page is displayed")
public void home_page_is_displayed() {
    // Write code here that turns the phrase above into concrete actions
    throw new io.cucumber.java.PendingException();
}
@Then("Cards are displayed")
public void cards_are_displayed() {
    // Write code here that turns the phrase above into concrete actions
    throw new io.cucumber.java.PendingException();
}

at ✽.setup the entries in database(file:///C:/Users/USER/eclipse-cucumberrahul-workspace/Automation/src/test/java/features/firstProgram.feature:4)
]]>
            </full-stacktrace>
          </exception> <!-- io.cucumber.testng.UndefinedStepException -->
          <reporter-output>
          </reporter-output>
        </test-method> <!-- runScenario -->
        <test-method signature="runScenario(io.cucumber.testng.PickleWrapper,io.cucumber.testng.FeatureWrapper)[pri:0, instance:cucumberOptions.TestNGTestRunner@4b44655e]" started-at="2026-02-16T18:32:59 IST" name="runScenario" description="Runs Cucumber Scenarios" data-provider="scenarios" finished-at="2026-02-16T18:32:59 IST" duration-ms="14" status="FAIL">
          <params>
            <param index="0">
              <value>
                <![CDATA["User Page default signup"]]>
              </value>
            </param>
            <param index="1">
              <value>
                <![CDATA["Application Login"]]>
              </value>
            </param>
          </params>
          <exception class="io.cucumber.testng.UndefinedStepException">
            <message>
              <![CDATA[The step 'setup the entries in database' and 6 other step(s) are undefined.
You can implement these steps using the snippet(s) below:

@Given("setup the entries in database")
public void setup_the_entries_in_database() {
    // Write code here that turns the phrase above into concrete actions
    throw new io.cucumber.java.PendingException();
}
@When("launch the browser from config vaiables")
public void launch_the_browser_from_config_vaiables() {
    // Write code here that turns the phrase above into concrete actions
    throw new io.cucumber.java.PendingException();
}
@When("hit the home page url of banking site")
public void hit_the_home_page_url_of_banking_site() {
    // Write code here that turns the phrase above into concrete actions
    throw new io.cucumber.java.PendingException();
}
@Given("user is on Practice landing page")
public void user_is_on_practice_landing_page() {
    // Write code here that turns the phrase above into concrete actions
    throw new io.cucumber.java.PendingException();
}
@When("User Signup into application")
public void user_signup_into_application(io.cucumber.datatable.DataTable dataTable) {
    // Write code here that turns the phrase above into concrete actions
    // For automatic transformation, change DataTable to one of
    // E, List<E>, List<List<E>>, List<Map<K,V>>, Map<K,V> or
    // Map<K, List<V>>. E,K,V must be a String, Integer, Float,
    // Double, Byte, Short, Long, BigInteger or BigDecimal.
    //
    // For other transformations you can register a DataTableType.
    throw new io.cucumber.java.PendingException();
}
@Then("Home Page is displayed")
public void home_page_is_displayed() {
    // Write code here that turns the phrase above into concrete actions
    throw new io.cucumber.java.PendingException();
}
@Then("Cards are displayed")
public void cards_are_displayed() {
    // Write code here that turns the phrase above into concrete actions
    throw new io.cucumber.java.PendingException();
}
]]>
            </message>
            <full-stacktrace>
              <![CDATA[io.cucumber.testng.UndefinedStepException: The step 'setup the entries in database' and 6 other step(s) are undefined.
You can implement these steps using the snippet(s) below:

@Given("setup the entries in database")
public void setup_the_entries_in_database() {
    // Write code here that turns the phrase above into concrete actions
    throw new io.cucumber.java.PendingException();
}
@When("launch the browser from config vaiables")
public void launch_the_browser_from_config_vaiables() {
    // Write code here that turns the phrase above into concrete actions
    throw new io.cucumber.java.PendingException();
}
@When("hit the home page url of banking site")
public void hit_the_home_page_url_of_banking_site() {
    // Write code here that turns the phrase above into concrete actions
    throw new io.cucumber.java.PendingException();
}
@Given("user is on Practice landing page")
public void user_is_on_practice_landing_page() {
    // Write code here that turns the phrase above into concrete actions
    throw new io.cucumber.java.PendingException();
}
@When("User Signup into application")
public void user_signup_into_application(io.cucumber.datatable.DataTable dataTable) {
    // Write code here that turns the phrase above into concrete actions
    // For automatic transformation, change DataTable to one of
    // E, List<E>, List<List<E>>, List<Map<K,V>>, Map<K,V> or
    // Map<K, List<V>>. E,K,V must be a String, Integer, Float,
    // Double, Byte, Short, Long, BigInteger or BigDecimal.
    //
    // For other transformations you can register a DataTableType.
    throw new io.cucumber.java.PendingException();
}
@Then("Home Page is displayed")
public void home_page_is_displayed() {
    // Write code here that turns the phrase above into concrete actions
    throw new io.cucumber.java.PendingException();
}
@Then("Cards are displayed")
public void cards_are_displayed() {
    // Write code here that turns the phrase above into concrete actions
    throw new io.cucumber.java.PendingException();
}

at ✽.setup the entries in database(file:///C:/Users/USER/eclipse-cucumberrahul-workspace/Automation/src/test/java/features/firstProgram.feature:4)
]]>
            </full-stacktrace>
          </exception> <!-- io.cucumber.testng.UndefinedStepException -->
          <reporter-output>
          </reporter-output>
        </test-method> <!-- runScenario -->
        <test-method is-config="true" signature="tearDownClass()[pri:0, instance:cucumberOptions.TestNGTestRunner@4b44655e]" started-at="2026-02-16T18:32:59 IST" name="tearDownClass" finished-at="2026-02-16T18:32:59 IST" duration-ms="5" status="PASS">
          <reporter-output>
          </reporter-output>
        </test-method> <!-- tearDownClass -->
      </class> <!-- cucumberOptions.TestNGTestRunner -->
    </test> <!-- Surefire test -->
  </suite> <!-- Surefire suite -->
</testng-results>
