<?xml version="1.0" encoding="UTF-8"?>
<testng-results ignored="0" total="3" passed="0" failed="3" skipped="0">
  <reporter-output>
  </reporter-output>
  <suite started-at="2026-02-22T23:55:40 IST" name="Default suite" finished-at="2026-02-22T23:56:01 IST" duration-ms="20842">
    <groups>
      <group name="cucumber">
        <method signature="AbstractTestNGCucumberTests.runScenario(io.cucumber.testng.PickleWrapper,io.cucumber.testng.FeatureWrapper)[pri:0, instance:cucumberOptions.TestNGTestRunner@302552ec]" name="runScenario" class="io.cucumber.testng.AbstractTestNGCucumberTests"/>
      </group> <!-- cucumber -->
    </groups>
    <test started-at="2026-02-22T23:55:40 IST" name="Default test" finished-at="2026-02-22T23:56:01 IST" duration-ms="20842">
      <class name="cucumberOptions.TestNGTestRunner">
        <test-method is-config="true" signature="setUpClass(org.testng.ITestContext)[pri:0, instance:cucumberOptions.TestNGTestRunner@302552ec]" started-at="2026-02-22T23:55:40 IST" name="setUpClass" finished-at="2026-02-22T23:55:41 IST" duration-ms="964" status="PASS">
          <params>
            <param index="0">
              <value>
                <![CDATA[org.testng.TestRunner@132e0cc]]>
              </value>
            </param>
          </params>
          <reporter-output>
          </reporter-output>
        </test-method> <!-- setUpClass -->
        <test-method signature="runScenario(io.cucumber.testng.PickleWrapper,io.cucumber.testng.FeatureWrapper)[pri:0, instance:cucumberOptions.TestNGTestRunner@302552ec]" started-at="2026-02-22T23:55:41 IST" name="runScenario" description="Runs Cucumber Scenarios" data-provider="scenarios" finished-at="2026-02-22T23:56:01 IST" duration-ms="19705" status="FAIL">
          <params>
            <param index="0">
              <value>
                <![CDATA["Search Experience for Products both in home page and offers page"]]>
              </value>
            </param>
            <param index="1">
              <value>
                <![CDATA["Place the Order for products"]]>
              </value>
            </param>
          </params>
          <exception class="java.lang.AssertionError">
            <message>
              <![CDATA[expected [true] but found [false]]]>
            </message>
            <full-stacktrace>
              <![CDATA[java.lang.AssertionError: expected [true] but found [false]
at org.testng.Assert.fail(Assert.java:111)
at org.testng.Assert.failNotEquals(Assert.java:1590)
at org.testng.Assert.assertTrue(Assert.java:57)
at org.testng.Assert.assertTrue(Assert.java:67)
at stepDefinition.LandingPageStepDefinition.user_is_on_green_cart_landing_page(LandingPageStepDefinition.java:38)
at ✽.User is on GreenCart landing page(file:///C:/Users/USER/eclipse-cucumberrahul-workspace/CucumberFramework/src/test/java/features/Checkout.feature:6)
]]>
            </full-stacktrace>
          </exception> <!-- java.lang.AssertionError -->
          <reporter-output>
          </reporter-output>
        </test-method> <!-- runScenario -->
        <test-method signature="runScenario(io.cucumber.testng.PickleWrapper,io.cucumber.testng.FeatureWrapper)[pri:0, instance:cucumberOptions.TestNGTestRunner@302552ec]" started-at="2026-02-22T23:55:41 IST" name="runScenario" description="Runs Cucumber Scenarios" data-provider="scenarios" finished-at="2026-02-22T23:56:01 IST" duration-ms="19737" status="FAIL">
          <params>
            <param index="0">
              <value>
                <![CDATA["Search Experience for Products both in home page and offers page"]]>
              </value>
            </param>
            <param index="1">
              <value>
                <![CDATA["Search and Place Order for products"]]>
              </value>
            </param>
          </params>
          <exception class="java.lang.AssertionError">
            <message>
              <![CDATA[expected [true] but found [false]]]>
            </message>
            <full-stacktrace>
              <![CDATA[java.lang.AssertionError: expected [true] but found [false]
at org.testng.Assert.fail(Assert.java:111)
at org.testng.Assert.failNotEquals(Assert.java:1590)
at org.testng.Assert.assertTrue(Assert.java:57)
at org.testng.Assert.assertTrue(Assert.java:67)
at stepDefinition.LandingPageStepDefinition.user_is_on_green_cart_landing_page(LandingPageStepDefinition.java:38)
at ✽.User is on GreenCart landing page(file:///C:/Users/USER/eclipse-cucumberrahul-workspace/CucumberFramework/src/test/java/features/searchProduct.feature:6)
]]>
            </full-stacktrace>
          </exception> <!-- java.lang.AssertionError -->
          <reporter-output>
          </reporter-output>
        </test-method> <!-- runScenario -->
        <test-method signature="runScenario(io.cucumber.testng.PickleWrapper,io.cucumber.testng.FeatureWrapper)[pri:0, instance:cucumberOptions.TestNGTestRunner@302552ec]" started-at="2026-02-22T23:55:41 IST" name="runScenario" description="Runs Cucumber Scenarios" data-provider="scenarios" finished-at="2026-02-22T23:56:01 IST" duration-ms="19700" status="FAIL">
          <params>
            <param index="0">
              <value>
                <![CDATA["Search Experience for Products both in home page and offers page"]]>
              </value>
            </param>
            <param index="1">
              <value>
                <![CDATA["Search and Place Order for products"]]>
              </value>
            </param>
          </params>
          <exception class="java.lang.AssertionError">
            <message>
              <![CDATA[expected [true] but found [false]]]>
            </message>
            <full-stacktrace>
              <![CDATA[java.lang.AssertionError: expected [true] but found [false]
at org.testng.Assert.fail(Assert.java:111)
at org.testng.Assert.failNotEquals(Assert.java:1590)
at org.testng.Assert.assertTrue(Assert.java:57)
at org.testng.Assert.assertTrue(Assert.java:67)
at stepDefinition.LandingPageStepDefinition.user_is_on_green_cart_landing_page(LandingPageStepDefinition.java:38)
at ✽.User is on GreenCart landing page(file:///C:/Users/USER/eclipse-cucumberrahul-workspace/CucumberFramework/src/test/java/features/searchProduct.feature:6)
]]>
            </full-stacktrace>
          </exception> <!-- java.lang.AssertionError -->
          <reporter-output>
          </reporter-output>
        </test-method> <!-- runScenario -->
        <test-method is-config="true" signature="tearDownClass()[pri:0, instance:cucumberOptions.TestNGTestRunner@302552ec]" started-at="2026-02-22T23:56:01 IST" name="tearDownClass" finished-at="2026-02-22T23:56:01 IST" duration-ms="3" status="PASS">
          <reporter-output>
          </reporter-output>
        </test-method> <!-- tearDownClass -->
      </class> <!-- cucumberOptions.TestNGTestRunner -->
    </test> <!-- Default test -->
  </suite> <!-- Default suite -->
</testng-results>
