<?xml version="1.0" encoding="UTF-8"?>
<!-- Generated by org.testng.reporters.JUnitReportReporter -->
<testsuite hostname="DESKTOP-83416ND" failures="3" tests="3" name="cucumberOptions.TestNGTestRunner" time="59.142" errors="0" timestamp="2026-02-22T23:56:02 IST" skipped="0">
  <testcase classname="cucumberOptions.TestNGTestRunner" name="runScenario" time="19.700">
    <failure message="expected [true] but found [false]" type="java.lang.AssertionError">
      <![CDATA[java.lang.AssertionError: expected [true] but found [false]
at org.testng.Assert.fail(Assert.java:111)
at org.testng.Assert.failNotEquals(Assert.java:1590)
at org.testng.Assert.assertTrue(Assert.java:57)
at org.testng.Assert.assertTrue(Assert.java:67)
at stepDefinition.LandingPageStepDefinition.user_is_on_green_cart_landing_page(LandingPageStepDefinition.java:38)
at ✽.User is on GreenCart landing page(file:///C:/Users/USER/eclipse-cucumberrahul-workspace/CucumberFramework/src/test/java/features/searchProduct.feature:6)
]]>
    </failure>
  </testcase> <!-- runScenario -->
  <testcase classname="cucumberOptions.TestNGTestRunner" name="runScenario" time="19.705">
    <failure message="expected [true] but found [false]" type="java.lang.AssertionError">
      <![CDATA[java.lang.AssertionError: expected [true] but found [false]
at org.testng.Assert.fail(Assert.java:111)
at org.testng.Assert.failNotEquals(Assert.java:1590)
at org.testng.Assert.assertTrue(Assert.java:57)
at org.testng.Assert.assertTrue(Assert.java:67)
at stepDefinition.LandingPageStepDefinition.user_is_on_green_cart_landing_page(LandingPageStepDefinition.java:38)
at ✽.User is on GreenCart landing page(file:///C:/Users/USER/eclipse-cucumberrahul-workspace/CucumberFramework/src/test/java/features/Checkout.feature:6)
]]>
    </failure>
  </testcase> <!-- runScenario -->
  <testcase classname="cucumberOptions.TestNGTestRunner" name="runScenario" time="19.737">
    <failure message="expected [true] but found [false]" type="java.lang.AssertionError">
      <![CDATA[java.lang.AssertionError: expected [true] but found [false]
at org.testng.Assert.fail(Assert.java:111)
at org.testng.Assert.failNotEquals(Assert.java:1590)
at org.testng.Assert.assertTrue(Assert.java:57)
at org.testng.Assert.assertTrue(Assert.java:67)
at stepDefinition.LandingPageStepDefinition.user_is_on_green_cart_landing_page(LandingPageStepDefinition.java:38)
at ✽.User is on GreenCart landing page(file:///C:/Users/USER/eclipse-cucumberrahul-workspace/CucumberFramework/src/test/java/features/searchProduct.feature:6)
]]>
    </failure>
  </testcase> <!-- runScenario -->
</testsuite> <!-- cucumberOptions.TestNGTestRunner -->
